gdfgsdfgsdfgsd
Tue, 16 Jun 2020 11:40:49 INFO     gdfgsdfgsdfgsd
Tue, 16 Jun 2020 11:40:58 INFO     gdfgsdfgsdfgsd
Tue, 16 Jun 2020 12:01:49 INFO     gdfgsdfgsdfgsd
Tue, 16 Jun 2020 12:01:49 INFO     2222
Tue, 16 Jun 2020 12:01:49 INFO     333
Tue, 16 Jun 2020 12:01:49 INFO     g4444d
Tue, 16 Jun 2020 12:01:49 INFO     g5555
Tue, 16 Jun 2020 12:04:56 INFO     gdfgsdfgsdfgsd
Tue, 16 Jun 2020 12:04:56 INFO     2222
Tue, 16 Jun 2020 12:04:57 INFO     333
Tue, 16 Jun 2020 12:04:57 INFO     g4444d
Tue, 16 Jun 2020 12:04:57 INFO     gddds
Tue, 16 Jun 2020 12:29:40 INFO     gdfgsdfgsdfgsd
Tue, 16 Jun 2020 12:29:57 INFO     gdfgsdfgsdfgsd
Tue, 16 Jun 2020 12:29:57 INFO     gdsdsdsd
Wed, 08 Jul 2020 09:10:42 INFO     nasýlsýn
Wed, 08 Jul 2020 09:13:25 WARNING  nasýlsýn
Wed, 08 Jul 2020 09:19:33 WARNING  Houston, we have a problem
Wed, 08 Jul 2020 09:19:47 WARNING  Houston, we have a problem
Wed, 08 Jul 2020 09:20:15 WARNING  Houston, we have a problem
Wed, 08 Jul 2020 10:01:12 WARNING  Houston, we have a problem
Wed, 08 Jul 2020 10:11:46 WARNING  Houston, we have a problem
Wed, 08 Jul 2020 10:12:59 WARNING  Houston, we have a problem
Wed, 08 Jul 2020 10:13:15 WARNING  Houston, we have a problem
Wed, 08 Jul 2020 10:13:17 WARNING  Houston, we have a problem
Wed, 08 Jul 2020 10:13:18 WARNING  Houston, we have a problem
Wed, 08 Jul 2020 10:13:19 WARNING  Houston, we have a problem
Wed, 08 Jul 2020 10:21:44 WARNING  Houston, we have a problem
Wed, 08 Jul 2020 10:49:34 ERROR    Houston, we have a problem
Wed, 08 Jul 2020 12:02:34 INFO     6 Nolu kayýt güncellendi
Wed, 08 Jul 2020 13:40:33 ERROR    Please fill the blanks
Wed, 08 Jul 2020 13:40:34 ERROR    Please fill the blanks
Wed, 08 Jul 2020 13:55:12 ERROR    Houston, we have a problem
Wed, 08 Jul 2020 13:55:44 ERROR    'C:/Users/YBEKTAS/Desktop/Python/Projeler/StokProgram/media/images/270.png' and 'C:\\Users\\YBEKTAS\\Desktop\\Python\\Projeler\\StokProgram\\media\\images\\270.png' are the same file
Wed, 08 Jul 2020 13:57:18 INFO     4 Nolu kayýt güncellendi
Wed, 08 Jul 2020 13:57:30 INFO     5 Nolu kayýt güncellendi
Wed, 08 Jul 2020 14:04:54 INFO     Existing
Thu, 09 Jul 2020 08:06:25 INFO     Existing
Thu, 09 Jul 2020 08:19:57 INFO     Existing
Thu, 09 Jul 2020 08:21:56 INFO     Existing
Thu, 09 Jul 2020 08:27:26 INFO     Existing
Thu, 09 Jul 2020 08:33:06 INFO     Existing
Thu, 09 Jul 2020 08:44:30 INFO     Existing
Thu, 09 Jul 2020 08:46:10 INFO     Existing
Thu, 09 Jul 2020 09:05:56 INFO     Existing
